[2023-09-26 10:00:33] local.ERROR: Target class [FormController] does not exist. {"exception":"[object] (Illuminate\\Contracts\\Container\\BindingResolutionException(code: 0): Target class [FormController] does not exist. at E:\\!! triska\\!! KULIAH SEM 5\\PBKK\\RVConcert\\vendor\\laravel\\framework\\src\\Illuminate\\Container\\Container.php:914)
[stacktrace]
#0 E:\\!! triska\\!! KULIAH SEM 5\\PBKK\\RVConcert\\vendor\\laravel\\framework\\src\\Illuminate\\Container\\Container.php(795): Illuminate\\Container\\Container->build()
#1 E:\\!! triska\\!! KULIAH SEM 5\\PBKK\\RVConcert\\vendor\\laravel\\framework\\src\\Illuminate\\Foundation\\Application.php(937): Illuminate\\Container\\Container->resolve()
#2 E:\\!! triska\\!! KULIAH SEM 5\\PBKK\\RVConcert\\vendor\\laravel\\framework\\src\\Illuminate\\Container\\Container.php(731): Illuminate\\Foundation\\Application->resolve()
#3 E:\\!! triska\\!! KULIAH SEM 5\\PBKK\\RVConcert\\vendor\\laravel\\framework\\src\\Illuminate\\Foundation\\Application.php(922): Illuminate\\Container\\Container->make()
#4 E:\\!! triska\\!! KULIAH SEM 5\\PBKK\\RVConcert\\vendor\\laravel\\framework\\src\\Illuminate\\Routing\\Route.php(274): Illuminate\\Foundation\\Application->make()
#5 E:\\!! triska\\!! KULIAH SEM 5\\PBKK\\RVConcert\\vendor\\laravel\\framework\\src\\Illuminate\\Routing\\Route.php(260): Illuminate\\Routing\\Route->getController()
#6 E:\\!! triska\\!! KULIAH SEM 5\\PBKK\\RVConcert\\vendor\\laravel\\framework\\src\\Illuminate\\Routing\\Route.php(205): Illuminate\\Routing\\Route->runController()
#7 E:\\!! triska\\!! KULIAH SEM 5\\PBKK\\RVConcert\\vendor\\laravel\\framework\\src\\Illuminate\\Routing\\Router.php(799): Illuminate\\Routing\\Route->run()
#8 E:\\!! triska\\!! KULIAH SEM 5\\PBKK\\RVConcert\\vendor\\laravel\\framework\\src\\Illuminate\\Pipeline\\Pipeline.php(141): Illuminate\\Routing\\Router->Illuminate\\Routing\\{closure}()
#9 E:\\!! triska\\!! KULIAH SEM 5\\PBKK\\RVConcert\\vendor\\laravel\\framework\\src\\Illuminate\\Routing\\Middleware\\SubstituteBindings.php(50): Illuminate\\Pipeline\\Pipeline->Illuminate\\Pipeline\\{closure}()
#10 E:\\!! triska\\!! KULIAH SEM 5\\PBKK\\RVConcert\\vendor\\laravel\\framework\\src\\Illuminate\\Pipeline\\Pipeline.php(180): Illuminate\\Routing\\Middleware\\SubstituteBindings->handle()
#11 E:\\!! triska\\!! KULIAH SEM 5\\PBKK\\RVConcert\\vendor\\laravel\\framework\\src\\Illuminate\\Foundation\\Http\\Middleware\\VerifyCsrfToken.php(78): Illuminate\\Pipeline\\Pipeline->Illuminate\\Pipeline\\{closure}()
#12 E:\\!! triska\\!! KULIAH SEM 5\\PBKK\\RVConcert\\vendor\\laravel\\framework\\src\\Illuminate\\Pipeline\\Pipeline.php(180): Illuminate\\Foundation\\Http\\Middleware\\VerifyCsrfToken->handle()
#13 E:\\!! triska\\!! KULIAH SEM 5\\PBKK\\RVConcert\\vendor\\laravel\\framework\\src\\Illuminate\\View\\Middleware\\ShareErrorsFromSession.php(49): Illuminate\\Pipeline\\Pipeline->Illuminate\\Pipeline\\{closure}()
#14 E:\\!! triska\\!! KULIAH SEM 5\\PBKK\\RVConcert\\vendor\\laravel\\framework\\src\\Illuminate\\Pipeline\\Pipeline.php(180): Illuminate\\View\\Middleware\\ShareErrorsFromSession->handle()
#15 E:\\!! triska\\!! KULIAH SEM 5\\PBKK\\RVConcert\\vendor\\laravel\\framework\\src\\Illuminate\\Session\\Middleware\\StartSession.php(121): Illuminate\\Pipeline\\Pipeline->Illuminate\\Pipeline\\{closure}()
#16 E:\\!! triska\\!! KULIAH SEM 5\\PBKK\\RVConcert\\vendor\\laravel\\framework\\src\\Illuminate\\Session\\Middleware\\StartSession.php(64): Illuminate\\Session\\Middleware\\StartSession->handleStatefulRequest()
#17 E:\\!! triska\\!! KULIAH SEM 5\\PBKK\\RVConcert\\vendor\\laravel\\framework\\src\\Illuminate\\Pipeline\\Pipeline.php(180): Illuminate\\Session\\Middleware\\StartSession->handle()
#18 E:\\!! triska\\!! KULIAH SEM 5\\PBKK\\RVConcert\\vendor\\laravel\\framework\\src\\Illuminate\\Cookie\\Middleware\\AddQueuedCookiesToResponse.php(37): Illuminate\\Pipeline\\Pipeline->Illuminate\\Pipeline\\{closure}()
#19 E:\\!! triska\\!! KULIAH SEM 5\\PBKK\\RVConcert\\vendor\\laravel\\framework\\src\\Illuminate\\Pipeline\\Pipeline.php(180): Illuminate\\Cookie\\Middleware\\AddQueuedCookiesToResponse->handle()
#20 E:\\!! triska\\!! KULIAH SEM 5\\PBKK\\RVConcert\\vendor\\laravel\\framework\\src\\Illuminate\\Cookie\\Middleware\\EncryptCookies.php(67): Illuminate\\Pipeline\\Pipeline->Illuminate\\Pipeline\\{closure}()
#21 E:\\!! triska\\!! KULIAH SEM 5\\PBKK\\RVConcert\\vendor\\laravel\\framework\\src\\Illuminate\\Pipeline\\Pipeline.php(180): Illuminate\\Cookie\\Middleware\\EncryptCookies->handle()
#22 E:\\!! triska\\!! KULIAH SEM 5\\PBKK\\RVConcert\\vendor\\laravel\\framework\\src\\Illuminate\\Pipeline\\Pipeline.php(116): Illuminate\\Pipeline\\Pipeline->Illuminate\\Pipeline\\{closure}()
#23 E:\\!! triska\\!! KULIAH SEM 5\\PBKK\\RVConcert\\vendor\\laravel\\framework\\src\\Illuminate\\Routing\\Router.php(798): Illuminate\\Pipeline\\Pipeline->then()
#24 E:\\!! triska\\!! KULIAH SEM 5\\PBKK\\RVConcert\\vendor\\laravel\\framework\\src\\Illuminate\\Routing\\Router.php(777): Illuminate\\Routing\\Router->runRouteWithinStack()
#25 E:\\!! triska\\!! KULIAH SEM 5\\PBKK\\RVConcert\\vendor\\laravel\\framework\\src\\Illuminate\\Routing\\Router.php(741): Illuminate\\Routing\\Router->runRoute()
#26 E:\\!! triska\\!! KULIAH SEM 5\\PBKK\\RVConcert\\vendor\\laravel\\framework\\src\\Illuminate\\Routing\\Router.php(730): Illuminate\\Routing\\Router->dispatchToRoute()
#27 E:\\!! triska\\!! KULIAH SEM 5\\PBKK\\RVConcert\\vendor\\laravel\\framework\\src\\Illuminate\\Foundation\\Http\\Kernel.php(200): Illuminate\\Routing\\Router->dispatch()
#28 E:\\!! triska\\!! KULIAH SEM 5\\PBKK\\RVConcert\\vendor\\laravel\\framework\\src\\Illuminate\\Pipeline\\Pipeline.php(141): Illuminate\\Foundation\\Http\\Kernel->Illuminate\\Foundation\\Http\\{closure}()
#29 E:\\!! triska\\!! KULIAH SEM 5\\PBKK\\RVConcert\\vendor\\laravel\\framework\\src\\Illuminate\\Foundation\\Http\\Middleware\\TransformsRequest.php(21): Illuminate\\Pipeline\\Pipeline->Illuminate\\Pipeline\\{closure}()
#30 E:\\!! triska\\!! KULIAH SEM 5\\PBKK\\RVConcert\\vendor\\laravel\\framework\\src\\Illuminate\\Foundation\\Http\\Middleware\\ConvertEmptyStringsToNull.php(31): Illuminate\\Foundation\\Http\\Middleware\\TransformsRequest->handle()
#31 E:\\!! triska\\!! KULIAH SEM 5\\PBKK\\RVConcert\\vendor\\laravel\\framework\\src\\Illuminate\\Pipeline\\Pipeline.php(180): Illuminate\\Foundation\\Http\\Middleware\\ConvertEmptyStringsToNull->handle()
#32 E:\\!! triska\\!! KULIAH SEM 5\\PBKK\\RVConcert\\vendor\\laravel\\framework\\src\\Illuminate\\Foundation\\Http\\Middleware\\TransformsRequest.php(21): Illuminate\\Pipeline\\Pipeline->Illuminate\\Pipeline\\{closure}()
#33 E:\\!! triska\\!! KULIAH SEM 5\\PBKK\\RVConcert\\vendor\\laravel\\framework\\src\\Illuminate\\Foundation\\Http\\Middleware\\TrimStrings.php(40): Illuminate\\Foundation\\Http\\Middleware\\TransformsRequest->handle()
#34 E:\\!! triska\\!! KULIAH SEM 5\\PBKK\\RVConcert\\vendor\\laravel\\framework\\src\\Illuminate\\Pipeline\\Pipeline.php(180): Illuminate\\Foundation\\Http\\Middleware\\TrimStrings->handle()
#35 E:\\!! triska\\!! KULIAH SEM 5\\PBKK\\RVConcert\\vendor\\laravel\\framework\\src\\Illuminate\\Foundation\\Http\\Middleware\\ValidatePostSize.php(27): Illuminate\\Pipeline\\Pipeline->Illuminate\\Pipeline\\{closure}()
#36 E:\\!! triska\\!! KULIAH SEM 5\\PBKK\\RVConcert\\vendor\\laravel\\framework\\src\\Illuminate\\Pipeline\\Pipeline.php(180): Illuminate\\Foundation\\Http\\Middleware\\ValidatePostSize->handle()
#37 E:\\!! triska\\!! KULIAH SEM 5\\PBKK\\RVConcert\\vendor\\laravel\\framework\\src\\Illuminate\\Foundation\\Http\\Middleware\\PreventRequestsDuringMaintenance.php(99): Illuminate\\Pipeline\\Pipeline->Illuminate\\Pipeline\\{closure}()
#38 E:\\!! triska\\!! KULIAH SEM 5\\PBKK\\RVConcert\\vendor\\laravel\\framework\\src\\Illuminate\\Pipeline\\Pipeline.php(180): Illuminate\\Foundation\\Http\\Middleware\\PreventRequestsDuringMaintenance->handle()
#39 E:\\!! triska\\!! KULIAH SEM 5\\PBKK\\RVConcert\\vendor\\laravel\\framework\\src\\Illuminate\\Http\\Middleware\\HandleCors.php(49): Illuminate\\Pipeline\\Pipeline->Illuminate\\Pipeline\\{closure}()
#40 E:\\!! triska\\!! KULIAH SEM 5\\PBKK\\RVConcert\\vendor\\laravel\\framework\\src\\Illuminate\\Pipeline\\Pipeline.php(180): Illuminate\\Http\\Middleware\\HandleCors->handle()
#41 E:\\!! triska\\!! KULIAH SEM 5\\PBKK\\RVConcert\\vendor\\laravel\\framework\\src\\Illuminate\\Http\\Middleware\\TrustProxies.php(39): Illuminate\\Pipeline\\Pipeline->Illuminate\\Pipeline\\{closure}()
#42 E:\\!! triska\\!! KULIAH SEM 5\\PBKK\\RVConcert\\vendor\\laravel\\framework\\src\\Illuminate\\Pipeline\\Pipeline.php(180): Illuminate\\Http\\Middleware\\TrustProxies->handle()
#43 E:\\!! triska\\!! KULIAH SEM 5\\PBKK\\RVConcert\\vendor\\laravel\\framework\\src\\Illuminate\\Pipeline\\Pipeline.php(116): Illuminate\\Pipeline\\Pipeline->Illuminate\\Pipeline\\{closure}()
#44 E:\\!! triska\\!! KULIAH SEM 5\\PBKK\\RVConcert\\vendor\\laravel\\framework\\src\\Illuminate\\Foundation\\Http\\Kernel.php(175): Illuminate\\Pipeline\\Pipeline->then()
#45 E:\\!! triska\\!! KULIAH SEM 5\\PBKK\\RVConcert\\vendor\\laravel\\framework\\src\\Illuminate\\Foundation\\Http\\Kernel.php(144): Illuminate\\Foundation\\Http\\Kernel->sendRequestThroughRouter()
#46 E:\\!! triska\\!! KULIAH SEM 5\\PBKK\\RVConcert\\public\\index.php(51): Illuminate\\Foundation\\Http\\Kernel->handle()
#47 E:\\!! triska\\!! KULIAH SEM 5\\PBKK\\RVConcert\\vendor\\laravel\\framework\\src\\Illuminate\\Foundation\\resources\\server.php(16): require_once('...')
#48 {main}

[previous exception] [object] (ReflectionException(code: -1): Class \"FormController\" does not exist at E:\\!! triska\\!! KULIAH SEM 5\\PBKK\\RVConcert\\vendor\\laravel\\framework\\src\\Illuminate\\Container\\Container.php:912)
[stacktrace]
#0 E:\\!! triska\\!! KULIAH SEM 5\\PBKK\\RVConcert\\vendor\\laravel\\framework\\src\\Illuminate\\Container\\Container.php(912): ReflectionClass->__construct()
#1 E:\\!! triska\\!! KULIAH SEM 5\\PBKK\\RVConcert\\vendor\\laravel\\framework\\src\\Illuminate\\Container\\Container.php(795): Illuminate\\Container\\Container->build()
#2 E:\\!! triska\\!! KULIAH SEM 5\\PBKK\\RVConcert\\vendor\\laravel\\framework\\src\\Illuminate\\Foundation\\Application.php(937): Illuminate\\Container\\Container->resolve()
#3 E:\\!! triska\\!! KULIAH SEM 5\\PBKK\\RVConcert\\vendor\\laravel\\framework\\src\\Illuminate\\Container\\Container.php(731): Illuminate\\Foundation\\Application->resolve()
#4 E:\\!! triska\\!! KULIAH SEM 5\\PBKK\\RVConcert\\vendor\\laravel\\framework\\src\\Illuminate\\Foundation\\Application.php(922): Illuminate\\Container\\Container->make()
#5 E:\\!! triska\\!! KULIAH SEM 5\\PBKK\\RVConcert\\vendor\\laravel\\framework\\src\\Illuminate\\Routing\\Route.php(274): Illuminate\\Foundation\\Application->make()
#6 E:\\!! triska\\!! KULIAH SEM 5\\PBKK\\RVConcert\\vendor\\laravel\\framework\\src\\Illuminate\\Routing\\Route.php(260): Illuminate\\Routing\\Route->getController()
#7 E:\\!! triska\\!! KULIAH SEM 5\\PBKK\\RVConcert\\vendor\\laravel\\framework\\src\\Illuminate\\Routing\\Route.php(205): Illuminate\\Routing\\Route->runController()
#8 E:\\!! triska\\!! KULIAH SEM 5\\PBKK\\RVConcert\\vendor\\laravel\\framework\\src\\Illuminate\\Routing\\Router.php(799): Illuminate\\Routing\\Route->run()
#9 E:\\!! triska\\!! KULIAH SEM 5\\PBKK\\RVConcert\\vendor\\laravel\\framework\\src\\Illuminate\\Pipeline\\Pipeline.php(141): Illuminate\\Routing\\Router->Illuminate\\Routing\\{closure}()
#10 E:\\!! triska\\!! KULIAH SEM 5\\PBKK\\RVConcert\\vendor\\laravel\\framework\\src\\Illuminate\\Routing\\Middleware\\SubstituteBindings.php(50): Illuminate\\Pipeline\\Pipeline->Illuminate\\Pipeline\\{closure}()
#11 E:\\!! triska\\!! KULIAH SEM 5\\PBKK\\RVConcert\\vendor\\laravel\\framework\\src\\Illuminate\\Pipeline\\Pipeline.php(180): Illuminate\\Routing\\Middleware\\SubstituteBindings->handle()
#12 E:\\!! triska\\!! KULIAH SEM 5\\PBKK\\RVConcert\\vendor\\laravel\\framework\\src\\Illuminate\\Foundation\\Http\\Middleware\\VerifyCsrfToken.php(78): Illuminate\\Pipeline\\Pipeline->Illuminate\\Pipeline\\{closure}()
#13 E:\\!! triska\\!! KULIAH SEM 5\\PBKK\\RVConcert\\vendor\\laravel\\framework\\src\\Illuminate\\Pipeline\\Pipeline.php(180): Illuminate\\Foundation\\Http\\Middleware\\VerifyCsrfToken->handle()
#14 E:\\!! triska\\!! KULIAH SEM 5\\PBKK\\RVConcert\\vendor\\laravel\\framework\\src\\Illuminate\\View\\Middleware\\ShareErrorsFromSession.php(49): Illuminate\\Pipeline\\Pipeline->Illuminate\\Pipeline\\{closure}()
#15 E:\\!! triska\\!! KULIAH SEM 5\\PBKK\\RVConcert\\vendor\\laravel\\framework\\src\\Illuminate\\Pipeline\\Pipeline.php(180): Illuminate\\View\\Middleware\\ShareErrorsFromSession->handle()
#16 E:\\!! triska\\!! KULIAH SEM 5\\PBKK\\RVConcert\\vendor\\laravel\\framework\\src\\Illuminate\\Session\\Middleware\\StartSession.php(121): Illuminate\\Pipeline\\Pipeline->Illuminate\\Pipeline\\{closure}()
#17 E:\\!! triska\\!! KULIAH SEM 5\\PBKK\\RVConcert\\vendor\\laravel\\framework\\src\\Illuminate\\Session\\Middleware\\StartSession.php(64): Illuminate\\Session\\Middleware\\StartSession->handleStatefulRequest()
#18 E:\\!! triska\\!! KULIAH SEM 5\\PBKK\\RVConcert\\vendor\\laravel\\framework\\src\\Illuminate\\Pipeline\\Pipeline.php(180): Illuminate\\Session\\Middleware\\StartSession->handle()
#19 E:\\!! triska\\!! KULIAH SEM 5\\PBKK\\RVConcert\\vendor\\laravel\\framework\\src\\Illuminate\\Cookie\\Middleware\\AddQueuedCookiesToResponse.php(37): Illuminate\\Pipeline\\Pipeline->Illuminate\\Pipeline\\{closure}()
#20 E:\\!! triska\\!! KULIAH SEM 5\\PBKK\\RVConcert\\vendor\\laravel\\framework\\src\\Illuminate\\Pipeline\\Pipeline.php(180): Illuminate\\Cookie\\Middleware\\AddQueuedCookiesToResponse->handle()
#21 E:\\!! triska\\!! KULIAH SEM 5\\PBKK\\RVConcert\\vendor\\laravel\\framework\\src\\Illuminate\\Cookie\\Middleware\\EncryptCookies.php(67): Illuminate\\Pipeline\\Pipeline->Illuminate\\Pipeline\\{closure}()
#22 E:\\!! triska\\!! KULIAH SEM 5\\PBKK\\RVConcert\\vendor\\laravel\\framework\\src\\Illuminate\\Pipeline\\Pipeline.php(180): Illuminate\\Cookie\\Middleware\\EncryptCookies->handle()
#23 E:\\!! triska\\!! KULIAH SEM 5\\PBKK\\RVConcert\\vendor\\laravel\\framework\\src\\Illuminate\\Pipeline\\Pipeline.php(116): Illuminate\\Pipeline\\Pipeline->Illuminate\\Pipeline\\{closure}()
#24 E:\\!! triska\\!! KULIAH SEM 5\\PBKK\\RVConcert\\vendor\\laravel\\framework\\src\\Illuminate\\Routing\\Router.php(798): Illuminate\\Pipeline\\Pipeline->then()
#25 E:\\!! triska\\!! KULIAH SEM 5\\PBKK\\RVConcert\\vendor\\laravel\\framework\\src\\Illuminate\\Routing\\Router.php(777): Illuminate\\Routing\\Router->runRouteWithinStack()
#26 E:\\!! triska\\!! KULIAH SEM 5\\PBKK\\RVConcert\\vendor\\laravel\\framework\\src\\Illuminate\\Routing\\Router.php(741): Illuminate\\Routing\\Router->runRoute()
#27 E:\\!! triska\\!! KULIAH SEM 5\\PBKK\\RVConcert\\vendor\\laravel\\framework\\src\\Illuminate\\Routing\\Router.php(730): Illuminate\\Routing\\Router->dispatchToRoute()
#28 E:\\!! triska\\!! KULIAH SEM 5\\PBKK\\RVConcert\\vendor\\laravel\\framework\\src\\Illuminate\\Foundation\\Http\\Kernel.php(200): Illuminate\\Routing\\Router->dispatch()
#29 E:\\!! triska\\!! KULIAH SEM 5\\PBKK\\RVConcert\\vendor\\laravel\\framework\\src\\Illuminate\\Pipeline\\Pipeline.php(141): Illuminate\\Foundation\\Http\\Kernel->Illuminate\\Foundation\\Http\\{closure}()
#30 E:\\!! triska\\!! KULIAH SEM 5\\PBKK\\RVConcert\\vendor\\laravel\\framework\\src\\Illuminate\\Foundation\\Http\\Middleware\\TransformsRequest.php(21): Illuminate\\Pipeline\\Pipeline->Illuminate\\Pipeline\\{closure}()
#31 E:\\!! triska\\!! KULIAH SEM 5\\PBKK\\RVConcert\\vendor\\laravel\\framework\\src\\Illuminate\\Foundation\\Http\\Middleware\\ConvertEmptyStringsToNull.php(31): Illuminate\\Foundation\\Http\\Middleware\\TransformsRequest->handle()
#32 E:\\!! triska\\!! KULIAH SEM 5\\PBKK\\RVConcert\\vendor\\laravel\\framework\\src\\Illuminate\\Pipeline\\Pipeline.php(180): Illuminate\\Foundation\\Http\\Middleware\\ConvertEmptyStringsToNull->handle()
#33 E:\\!! triska\\!! KULIAH SEM 5\\PBKK\\RVConcert\\vendor\\laravel\\framework\\src\\Illuminate\\Foundation\\Http\\Middleware\\TransformsRequest.php(21): Illuminate\\Pipeline\\Pipeline->Illuminate\\Pipeline\\{closure}()
#34 E:\\!! triska\\!! KULIAH SEM 5\\PBKK\\RVConcert\\vendor\\laravel\\framework\\src\\Illuminate\\Foundation\\Http\\Middleware\\TrimStrings.php(40): Illuminate\\Foundation\\Http\\Middleware\\TransformsRequest->handle()
#35 E:\\!! triska\\!! KULIAH SEM 5\\PBKK\\RVConcert\\vendor\\laravel\\framework\\src\\Illuminate\\Pipeline\\Pipeline.php(180): Illuminate\\Foundation\\Http\\Middleware\\TrimStrings->handle()
#36 E:\\!! triska\\!! KULIAH SEM 5\\PBKK\\RVConcert\\vendor\\laravel\\framework\\src\\Illuminate\\Foundation\\Http\\Middleware\\ValidatePostSize.php(27): Illuminate\\Pipeline\\Pipeline->Illuminate\\Pipeline\\{closure}()
#37 E:\\!! triska\\!! KULIAH SEM 5\\PBKK\\RVConcert\\vendor\\laravel\\framework\\src\\Illuminate\\Pipeline\\Pipeline.php(180): Illuminate\\Foundation\\Http\\Middleware\\ValidatePostSize->handle()
#38 E:\\!! triska\\!! KULIAH SEM 5\\PBKK\\RVConcert\\vendor\\laravel\\framework\\src\\Illuminate\\Foundation\\Http\\Middleware\\PreventRequestsDuringMaintenance.php(99): Illuminate\\Pipeline\\Pipeline->Illuminate\\Pipeline\\{closure}()
#39 E:\\!! triska\\!! KULIAH SEM 5\\PBKK\\RVConcert\\vendor\\laravel\\framework\\src\\Illuminate\\Pipeline\\Pipeline.php(180): Illuminate\\Foundation\\Http\\Middleware\\PreventRequestsDuringMaintenance->handle()
#40 E:\\!! triska\\!! KULIAH SEM 5\\PBKK\\RVConcert\\vendor\\laravel\\framework\\src\\Illuminate\\Http\\Middleware\\HandleCors.php(49): Illuminate\\Pipeline\\Pipeline->Illuminate\\Pipeline\\{closure}()
#41 E:\\!! triska\\!! KULIAH SEM 5\\PBKK\\RVConcert\\vendor\\laravel\\framework\\src\\Illuminate\\Pipeline\\Pipeline.php(180): Illuminate\\Http\\Middleware\\HandleCors->handle()
#42 E:\\!! triska\\!! KULIAH SEM 5\\PBKK\\RVConcert\\vendor\\laravel\\framework\\src\\Illuminate\\Http\\Middleware\\TrustProxies.php(39): Illuminate\\Pipeline\\Pipeline->Illuminate\\Pipeline\\{closure}()
#43 E:\\!! triska\\!! KULIAH SEM 5\\PBKK\\RVConcert\\vendor\\laravel\\framework\\src\\Illuminate\\Pipeline\\Pipeline.php(180): Illuminate\\Http\\Middleware\\TrustProxies->handle()
#44 E:\\!! triska\\!! KULIAH SEM 5\\PBKK\\RVConcert\\vendor\\laravel\\framework\\src\\Illuminate\\Pipeline\\Pipeline.php(116): Illuminate\\Pipeline\\Pipeline->Illuminate\\Pipeline\\{closure}()
#45 E:\\!! triska\\!! KULIAH SEM 5\\PBKK\\RVConcert\\vendor\\laravel\\framework\\src\\Illuminate\\Foundation\\Http\\Kernel.php(175): Illuminate\\Pipeline\\Pipeline->then()
#46 E:\\!! triska\\!! KULIAH SEM 5\\PBKK\\RVConcert\\vendor\\laravel\\framework\\src\\Illuminate\\Foundation\\Http\\Kernel.php(144): Illuminate\\Foundation\\Http\\Kernel->sendRequestThroughRouter()
#47 E:\\!! triska\\!! KULIAH SEM 5\\PBKK\\RVConcert\\public\\index.php(51): Illuminate\\Foundation\\Http\\Kernel->handle()
#48 E:\\!! triska\\!! KULIAH SEM 5\\PBKK\\RVConcert\\vendor\\laravel\\framework\\src\\Illuminate\\Foundation\\resources\\server.php(16): require_once('...')
#49 {main}
"} 
[2023-09-26 10:01:12] local.ERROR: Method App\Http\Controllers\FormController::message does not exist. {"exception":"[object] (BadMethodCallException(code: 0): Method App\\Http\\Controllers\\FormController::message does not exist. at E:\\!! triska\\!! KULIAH SEM 5\\PBKK\\RVConcert\\vendor\\laravel\\framework\\src\\Illuminate\\Routing\\Controller.php:68)
[stacktrace]
#0 E:\\!! triska\\!! KULIAH SEM 5\\PBKK\\RVConcert\\app\\Http\\Controllers\\FormController.php(22): Illuminate\\Routing\\Controller->__call()
#1 E:\\!! triska\\!! KULIAH SEM 5\\PBKK\\RVConcert\\vendor\\laravel\\framework\\src\\Illuminate\\Routing\\Controller.php(54): App\\Http\\Controllers\\FormController->validator()
#2 E:\\!! triska\\!! KULIAH SEM 5\\PBKK\\RVConcert\\vendor\\laravel\\framework\\src\\Illuminate\\Routing\\ControllerDispatcher.php(43): Illuminate\\Routing\\Controller->callAction()
#3 E:\\!! triska\\!! KULIAH SEM 5\\PBKK\\RVConcert\\vendor\\laravel\\framework\\src\\Illuminate\\Routing\\Route.php(259): Illuminate\\Routing\\ControllerDispatcher->dispatch()
#4 E:\\!! triska\\!! KULIAH SEM 5\\PBKK\\RVConcert\\vendor\\laravel\\framework\\src\\Illuminate\\Routing\\Route.php(205): Illuminate\\Routing\\Route->runController()
#5 E:\\!! triska\\!! KULIAH SEM 5\\PBKK\\RVConcert\\vendor\\laravel\\framework\\src\\Illuminate\\Routing\\Router.php(799): Illuminate\\Routing\\Route->run()
#6 E:\\!! triska\\!! KULIAH SEM 5\\PBKK\\RVConcert\\vendor\\laravel\\framework\\src\\Illuminate\\Pipeline\\Pipeline.php(141): Illuminate\\Routing\\Router->Illuminate\\Routing\\{closure}()
#7 E:\\!! triska\\!! KULIAH SEM 5\\PBKK\\RVConcert\\vendor\\laravel\\framework\\src\\Illuminate\\Routing\\Middleware\\SubstituteBindings.php(50): Illuminate\\Pipeline\\Pipeline->Illuminate\\Pipeline\\{closure}()
#8 E:\\!! triska\\!! KULIAH SEM 5\\PBKK\\RVConcert\\vendor\\laravel\\framework\\src\\Illuminate\\Pipeline\\Pipeline.php(180): Illuminate\\Routing\\Middleware\\SubstituteBindings->handle()
#9 E:\\!! triska\\!! KULIAH SEM 5\\PBKK\\RVConcert\\vendor\\laravel\\framework\\src\\Illuminate\\Foundation\\Http\\Middleware\\VerifyCsrfToken.php(78): Illuminate\\Pipeline\\Pipeline->Illuminate\\Pipeline\\{closure}()
#10 E:\\!! triska\\!! KULIAH SEM 5\\PBKK\\RVConcert\\vendor\\laravel\\framework\\src\\Illuminate\\Pipeline\\Pipeline.php(180): Illuminate\\Foundation\\Http\\Middleware\\VerifyCsrfToken->handle()
#11 E:\\!! triska\\!! KULIAH SEM 5\\PBKK\\RVConcert\\vendor\\laravel\\framework\\src\\Illuminate\\View\\Middleware\\ShareErrorsFromSession.php(49): Illuminate\\Pipeline\\Pipeline->Illuminate\\Pipeline\\{closure}()
#12 E:\\!! triska\\!! KULIAH SEM 5\\PBKK\\RVConcert\\vendor\\laravel\\framework\\src\\Illuminate\\Pipeline\\Pipeline.php(180): Illuminate\\View\\Middleware\\ShareErrorsFromSession->handle()
#13 E:\\!! triska\\!! KULIAH SEM 5\\PBKK\\RVConcert\\vendor\\laravel\\framework\\src\\Illuminate\\Session\\Middleware\\StartSession.php(121): Illuminate\\Pipeline\\Pipeline->Illuminate\\Pipeline\\{closure}()
#14 E:\\!! triska\\!! KULIAH SEM 5\\PBKK\\RVConcert\\vendor\\laravel\\framework\\src\\Illuminate\\Session\\Middleware\\StartSession.php(64): Illuminate\\Session\\Middleware\\StartSession->handleStatefulRequest()
#15 E:\\!! triska\\!! KULIAH SEM 5\\PBKK\\RVConcert\\vendor\\laravel\\framework\\src\\Illuminate\\Pipeline\\Pipeline.php(180): Illuminate\\Session\\Middleware\\StartSession->handle()
#16 E:\\!! triska\\!! KULIAH SEM 5\\PBKK\\RVConcert\\vendor\\laravel\\framework\\src\\Illuminate\\Cookie\\Middleware\\AddQueuedCookiesToResponse.php(37): Illuminate\\Pipeline\\Pipeline->Illuminate\\Pipeline\\{closure}()
#17 E:\\!! triska\\!! KULIAH SEM 5\\PBKK\\RVConcert\\vendor\\laravel\\framework\\src\\Illuminate\\Pipeline\\Pipeline.php(180): Illuminate\\Cookie\\Middleware\\AddQueuedCookiesToResponse->handle()
#18 E:\\!! triska\\!! KULIAH SEM 5\\PBKK\\RVConcert\\vendor\\laravel\\framework\\src\\Illuminate\\Cookie\\Middleware\\EncryptCookies.php(67): Illuminate\\Pipeline\\Pipeline->Illuminate\\Pipeline\\{closure}()
#19 E:\\!! triska\\!! KULIAH SEM 5\\PBKK\\RVConcert\\vendor\\laravel\\framework\\src\\Illuminate\\Pipeline\\Pipeline.php(180): Illuminate\\Cookie\\Middleware\\EncryptCookies->handle()
#20 E:\\!! triska\\!! KULIAH SEM 5\\PBKK\\RVConcert\\vendor\\laravel\\framework\\src\\Illuminate\\Pipeline\\Pipeline.php(116): Illuminate\\Pipeline\\Pipeline->Illuminate\\Pipeline\\{closure}()
#21 E:\\!! triska\\!! KULIAH SEM 5\\PBKK\\RVConcert\\vendor\\laravel\\framework\\src\\Illuminate\\Routing\\Router.php(798): Illuminate\\Pipeline\\Pipeline->then()
#22 E:\\!! triska\\!! KULIAH SEM 5\\PBKK\\RVConcert\\vendor\\laravel\\framework\\src\\Illuminate\\Routing\\Router.php(777): Illuminate\\Routing\\Router->runRouteWithinStack()
#23 E:\\!! triska\\!! KULIAH SEM 5\\PBKK\\RVConcert\\vendor\\laravel\\framework\\src\\Illuminate\\Routing\\Router.php(741): Illuminate\\Routing\\Router->runRoute()
#24 E:\\!! triska\\!! KULIAH SEM 5\\PBKK\\RVConcert\\vendor\\laravel\\framework\\src\\Illuminate\\Routing\\Router.php(730): Illuminate\\Routing\\Router->dispatchToRoute()
#25 E:\\!! triska\\!! KULIAH SEM 5\\PBKK\\RVConcert\\vendor\\laravel\\framework\\src\\Illuminate\\Foundation\\Http\\Kernel.php(200): Illuminate\\Routing\\Router->dispatch()
#26 E:\\!! triska\\!! KULIAH SEM 5\\PBKK\\RVConcert\\vendor\\laravel\\framework\\src\\Illuminate\\Pipeline\\Pipeline.php(141): Illuminate\\Foundation\\Http\\Kernel->Illuminate\\Foundation\\Http\\{closure}()
#27 E:\\!! triska\\!! KULIAH SEM 5\\PBKK\\RVConcert\\vendor\\laravel\\framework\\src\\Illuminate\\Foundation\\Http\\Middleware\\TransformsRequest.php(21): Illuminate\\Pipeline\\Pipeline->Illuminate\\Pipeline\\{closure}()
#28 E:\\!! triska\\!! KULIAH SEM 5\\PBKK\\RVConcert\\vendor\\laravel\\framework\\src\\Illuminate\\Foundation\\Http\\Middleware\\ConvertEmptyStringsToNull.php(31): Illuminate\\Foundation\\Http\\Middleware\\TransformsRequest->handle()
#29 E:\\!! triska\\!! KULIAH SEM 5\\PBKK\\RVConcert\\vendor\\laravel\\framework\\src\\Illuminate\\Pipeline\\Pipeline.php(180): Illuminate\\Foundation\\Http\\Middleware\\ConvertEmptyStringsToNull->handle()
#30 E:\\!! triska\\!! KULIAH SEM 5\\PBKK\\RVConcert\\vendor\\laravel\\framework\\src\\Illuminate\\Foundation\\Http\\Middleware\\TransformsRequest.php(21): Illuminate\\Pipeline\\Pipeline->Illuminate\\Pipeline\\{closure}()
#31 E:\\!! triska\\!! KULIAH SEM 5\\PBKK\\RVConcert\\vendor\\laravel\\framework\\src\\Illuminate\\Foundation\\Http\\Middleware\\TrimStrings.php(40): Illuminate\\Foundation\\Http\\Middleware\\TransformsRequest->handle()
#32 E:\\!! triska\\!! KULIAH SEM 5\\PBKK\\RVConcert\\vendor\\laravel\\framework\\src\\Illuminate\\Pipeline\\Pipeline.php(180): Illuminate\\Foundation\\Http\\Middleware\\TrimStrings->handle()
#33 E:\\!! triska\\!! KULIAH SEM 5\\PBKK\\RVConcert\\vendor\\laravel\\framework\\src\\Illuminate\\Foundation\\Http\\Middleware\\ValidatePostSize.php(27): Illuminate\\Pipeline\\Pipeline->Illuminate\\Pipeline\\{closure}()
#34 E:\\!! triska\\!! KULIAH SEM 5\\PBKK\\RVConcert\\vendor\\laravel\\framework\\src\\Illuminate\\Pipeline\\Pipeline.php(180): Illuminate\\Foundation\\Http\\Middleware\\ValidatePostSize->handle()
#35 E:\\!! triska\\!! KULIAH SEM 5\\PBKK\\RVConcert\\vendor\\laravel\\framework\\src\\Illuminate\\Foundation\\Http\\Middleware\\PreventRequestsDuringMaintenance.php(99): Illuminate\\Pipeline\\Pipeline->Illuminate\\Pipeline\\{closure}()
#36 E:\\!! triska\\!! KULIAH SEM 5\\PBKK\\RVConcert\\vendor\\laravel\\framework\\src\\Illuminate\\Pipeline\\Pipeline.php(180): Illuminate\\Foundation\\Http\\Middleware\\PreventRequestsDuringMaintenance->handle()
#37 E:\\!! triska\\!! KULIAH SEM 5\\PBKK\\RVConcert\\vendor\\laravel\\framework\\src\\Illuminate\\Http\\Middleware\\HandleCors.php(49): Illuminate\\Pipeline\\Pipeline->Illuminate\\Pipeline\\{closure}()
#38 E:\\!! triska\\!! KULIAH SEM 5\\PBKK\\RVConcert\\vendor\\laravel\\framework\\src\\Illuminate\\Pipeline\\Pipeline.php(180): Illuminate\\Http\\Middleware\\HandleCors->handle()
#39 E:\\!! triska\\!! KULIAH SEM 5\\PBKK\\RVConcert\\vendor\\laravel\\framework\\src\\Illuminate\\Http\\Middleware\\TrustProxies.php(39): Illuminate\\Pipeline\\Pipeline->Illuminate\\Pipeline\\{closure}()
#40 E:\\!! triska\\!! KULIAH SEM 5\\PBKK\\RVConcert\\vendor\\laravel\\framework\\src\\Illuminate\\Pipeline\\Pipeline.php(180): Illuminate\\Http\\Middleware\\TrustProxies->handle()
#41 E:\\!! triska\\!! KULIAH SEM 5\\PBKK\\RVConcert\\vendor\\laravel\\framework\\src\\Illuminate\\Pipeline\\Pipeline.php(116): Illuminate\\Pipeline\\Pipeline->Illuminate\\Pipeline\\{closure}()
#42 E:\\!! triska\\!! KULIAH SEM 5\\PBKK\\RVConcert\\vendor\\laravel\\framework\\src\\Illuminate\\Foundation\\Http\\Kernel.php(175): Illuminate\\Pipeline\\Pipeline->then()
#43 E:\\!! triska\\!! KULIAH SEM 5\\PBKK\\RVConcert\\vendor\\laravel\\framework\\src\\Illuminate\\Foundation\\Http\\Kernel.php(144): Illuminate\\Foundation\\Http\\Kernel->sendRequestThroughRouter()
#44 E:\\!! triska\\!! KULIAH SEM 5\\PBKK\\RVConcert\\public\\index.php(51): Illuminate\\Foundation\\Http\\Kernel->handle()
#45 E:\\!! triska\\!! KULIAH SEM 5\\PBKK\\RVConcert\\vendor\\laravel\\framework\\src\\Illuminate\\Foundation\\resources\\server.php(16): require_once('...')
#46 {main}
"} 
